<?xml version="1.0" encoding="UTF-8"?>
<testng-results skipped="0" failed="0" total="1" passed="1">
  <reporter-output>
  </reporter-output>
  <suite name="Suite" duration-ms="7547" started-at="2015-03-30T00:51:56Z" finished-at="2015-03-30T00:52:04Z">
    <groups>
    </groups>
    <test name="Test" duration-ms="7547" started-at="2015-03-30T00:51:56Z" finished-at="2015-03-30T00:52:04Z">
      <class name="com.ecalix.tests.LoginTest">
        <test-method status="PASS" signature="setUp()[pri:0, instance:com.ecalix.tests.LoginTest@1117f44]" name="setUp" is-config="true" duration-ms="4994" started-at="2015-03-29T17:51:56Z" finished-at="2015-03-29T17:52:01Z">
          <reporter-output>
          </reporter-output>
        </test-method> <!-- setUp -->
        <test-method status="PASS" signature="Login01()[pri:0, instance:com.ecalix.tests.LoginTest@1117f44]" name="Login01" duration-ms="2542" started-at="2015-03-29T17:52:01Z" finished-at="2015-03-29T17:52:04Z">
          <reporter-output>
          </reporter-output>
        </test-method> <!-- Login01 -->
      </class> <!-- com.ecalix.tests.LoginTest -->
    </test> <!-- Test -->
  </suite> <!-- Suite -->
</testng-results>
